  main.cpp
C:\Users\jmontes\Documents\Vertical Slice\verticale-slice-wintertainment\Game\Scenes\Menu.h(24,48): warning C4244: 'argument' : conversion de 'int' en 'T', perte possible de données
          with
          [
              T=float
          ]
C:\Users\jmontes\Documents\Vertical Slice\verticale-slice-wintertainment\Game\Scenes\Menu.h(24,37): warning C4244: 'argument' : conversion de 'int' en 'T', perte possible de données
          with
          [
              T=float
          ]
C:\Users\jmontes\Documents\Vertical Slice\verticale-slice-wintertainment\SFMLEngine\include\TextDisplayer.h(36,22): warning C4305: 'initialisation' : troncation de 'double' à 'float'
C:\Users\jmontes\Documents\Vertical Slice\verticale-slice-wintertainment\Game\Scenes\Autumn1.h(51,50): warning C4244: 'argument' : conversion de 'int' en 'T', perte possible de données
          with
          [
              T=float
          ]
C:\Users\jmontes\Documents\Vertical Slice\verticale-slice-wintertainment\Game\Scenes\Autumn1.h(51,39): warning C4244: 'argument' : conversion de 'int' en 'T', perte possible de données
          with
          [
              T=float
          ]
C:\Users\jmontes\Documents\Vertical Slice\verticale-slice-wintertainment\Game\Scenes\Autumn1.h(80,50): warning C4244: 'argument' : conversion de 'int' en 'T', perte possible de données
          with
          [
              T=float
          ]
C:\Users\jmontes\Documents\Vertical Slice\verticale-slice-wintertainment\Game\Scenes\Autumn1.h(80,39): warning C4244: 'argument' : conversion de 'int' en 'T', perte possible de données
          with
          [
              T=float
          ]
C:\Users\jmontes\Documents\Vertical Slice\verticale-slice-wintertainment\Game\Scenes\Autumn1.h(95,47): warning C4244: 'argument' : conversion de 'int' en 'T', perte possible de données
          with
          [
              T=float
          ]
C:\Users\jmontes\Documents\Vertical Slice\verticale-slice-wintertainment\Game\Scenes\Autumn1.h(95,36): warning C4244: 'argument' : conversion de 'int' en 'T', perte possible de données
          with
          [
              T=float
          ]
  Game.vcxproj -> C:\Users\jmontes\Documents\Vertical Slice\verticale-slice-wintertainment\x64\Debug\Game.exe
