c:\users\jmontes\documents\vertical slice\verticale-slice-wintertainment\x64\debug\sfmlengine.pdb
c:\users\jmontes\documents\vertical slice\verticale-slice-wintertainment\x64\debug\sfmlengine.idb
c:\users\jmontes\documents\vertical slice\verticale-slice-wintertainment\sfmlengine\x64\debug\squarecollider.obj
c:\users\jmontes\documents\vertical slice\verticale-slice-wintertainment\sfmlengine\x64\debug\component.obj
c:\users\jmontes\documents\vertical slice\verticale-slice-wintertainment\sfmlengine\x64\debug\scene.obj
c:\users\jmontes\documents\vertical slice\verticale-slice-wintertainment\sfmlengine\x64\debug\rectangleshaperenderer.obj
c:\users\jmontes\documents\vertical slice\verticale-slice-wintertainment\sfmlengine\x64\debug\arenderercomponent.obj
c:\users\jmontes\documents\vertical slice\verticale-slice-wintertainment\sfmlengine\x64\debug\spriterenderer.obj
c:\users\jmontes\documents\vertical slice\verticale-slice-wintertainment\sfmlengine\x64\debug\module.obj
c:\users\jmontes\documents\vertical slice\verticale-slice-wintertainment\sfmlengine\x64\debug\modulemanager.obj
c:\users\jmontes\documents\vertical slice\verticale-slice-wintertainment\sfmlengine\x64\debug\windowmodule.obj
c:\users\jmontes\documents\vertical slice\verticale-slice-wintertainment\sfmlengine\x64\debug\timemodule.obj
c:\users\jmontes\documents\vertical slice\verticale-slice-wintertainment\sfmlengine\x64\debug\scenemodule.obj
c:\users\jmontes\documents\vertical slice\verticale-slice-wintertainment\sfmlengine\x64\debug\inputmodule.obj
c:\users\jmontes\documents\vertical slice\verticale-slice-wintertainment\sfmlengine\x64\debug\engine.obj
c:\users\jmontes\documents\vertical slice\verticale-slice-wintertainment\sfmlengine\x64\debug\imgui_widgets.obj
c:\users\jmontes\documents\vertical slice\verticale-slice-wintertainment\sfmlengine\x64\debug\imgui_tables.obj
c:\users\jmontes\documents\vertical slice\verticale-slice-wintertainment\sfmlengine\x64\debug\imgui_draw.obj
c:\users\jmontes\documents\vertical slice\verticale-slice-wintertainment\sfmlengine\x64\debug\imgui_demo.obj
c:\users\jmontes\documents\vertical slice\verticale-slice-wintertainment\sfmlengine\x64\debug\imgui.obj
c:\users\jmontes\documents\vertical slice\verticale-slice-wintertainment\sfmlengine\x64\debug\imgui-sfml.obj
c:\users\jmontes\documents\vertical slice\verticale-slice-wintertainment\sfmlengine\x64\debug\imguimodule.obj
c:\users\jmontes\documents\vertical slice\verticale-slice-wintertainment\sfmlengine\x64\debug\vector2.obj
c:\users\jmontes\documents\vertical slice\verticale-slice-wintertainment\sfmlengine\x64\debug\gameobject.obj
c:\users\jmontes\documents\vertical slice\verticale-slice-wintertainment\sfmlengine\x64\debug\textcomponent.obj
c:\users\jmontes\documents\vertical slice\verticale-slice-wintertainment\sfmlengine\x64\debug\renderercomponent.obj
c:\users\jmontes\documents\vertical slice\verticale-slice-wintertainment\sfmlengine\x64\debug\playerinput.obj
c:\users\jmontes\documents\vertical slice\verticale-slice-wintertainment\sfmlengine\x64\debug\menuinput.obj
c:\users\jmontes\documents\vertical slice\verticale-slice-wintertainment\x64\debug\sfmlengine.lib
c:\users\jmontes\documents\vertical slice\verticale-slice-wintertainment\sfmlengine\x64\debug\sfmlengine.tlog\cl.command.1.tlog
c:\users\jmontes\documents\vertical slice\verticale-slice-wintertainment\sfmlengine\x64\debug\sfmlengine.tlog\cl.items.tlog
c:\users\jmontes\documents\vertical slice\verticale-slice-wintertainment\sfmlengine\x64\debug\sfmlengine.tlog\cl.read.1.tlog
c:\users\jmontes\documents\vertical slice\verticale-slice-wintertainment\sfmlengine\x64\debug\sfmlengine.tlog\cl.write.1.tlog
c:\users\jmontes\documents\vertical slice\verticale-slice-wintertainment\sfmlengine\x64\debug\sfmlengine.tlog\lib-link.read.1.tlog
c:\users\jmontes\documents\vertical slice\verticale-slice-wintertainment\sfmlengine\x64\debug\sfmlengine.tlog\lib-link.write.1.tlog
c:\users\jmontes\documents\vertical slice\verticale-slice-wintertainment\sfmlengine\x64\debug\sfmlengine.tlog\lib.command.1.tlog
