  ImGuiModule.cpp
  imgui-SFML.cpp
  imgui.cpp
  imgui_demo.cpp
  imgui_draw.cpp
  imgui_tables.cpp
  imgui_widgets.cpp
  Engine.cpp
  InputModule.cpp
  SceneModule.cpp
  TimeModule.cpp
  WindowModule.cpp
  ModuleManager.cpp
  Module.cpp
  SpriteRenderer.cpp
  ARendererComponent.cpp
  RectangleShapeRenderer.cpp
  Scene.cpp
  Component.cpp
  SquareCollider.cpp
  Génération de code en cours...
  Compilation en cours...
  GameObject.cpp
  Vector2.cpp
  Génération de code en cours...
  SFMLEngine.vcxproj -> C:\Users\camil\source\repos\verticale-slice-wintertainment\x64\Debug\SFMLEngine.lib
